<?xml version="1.0" encoding="UTF-8"?>
<!-- Generated by org.testng.reporters.JUnitReportReporter -->
<testsuite hostname="hp" failures="0" tests="1" name="test.LoginTest" time="5.145" errors="0" timestamp="2022-08-24T23:42:38 IST" skipped="0">
  <testcase classname="test.LoginTest" name="verifylogin" time="5.145"/>
  <system-out/>
</testsuite> <!-- test.LoginTest -->
